app/build/app/intermediates/manifest_merge_blame_file/release/manifest-merger-blame-release-report.txt
1<?xml version="1.0" encoding="utf-8"?>
2<manifest xmlns:android="http://schemas.android.com/apk/res/android"
3    package="kr.co.stride.app"
4    android:versionCode="30"
5    android:versionName="1.7.4" >
6
7    <uses-sdk
8        android:minSdkVersion="19"
8-->src/main/AndroidManifest.xml
9        android:targetSdkVersion="29" />
9-->src/main/AndroidManifest.xml
10    <!--
11         io.flutter.app.FlutterApplication is an android.app.Application that
12        calls FlutterMain.startInitialization(this); in its onCreate method.
13        In most cases you can leave this as-is, but you if you want to provide
14        additional functionality it is fine to subclass or reimplement
15        FlutterApplication and put your custom class here.
16    -->
17    <uses-permission android:name="android.permission.INTERNET" />
17-->src/main/AndroidManifest.xml:8:5-67
17-->src/main/AndroidManifest.xml:8:22-64
18    <uses-permission android:name="android.permission.ACCESS_NETWORK_STATE" />
18-->src/main/AndroidManifest.xml:9:5-78
18-->src/main/AndroidManifest.xml:9:22-76
19    <uses-permission android:name="android.permission.VIBRATE" />
19-->src/main/AndroidManifest.xml:10:5-66
19-->src/main/AndroidManifest.xml:10:22-63
20    <uses-permission android:name="android.permission.WAKE_LOCK" />
20-->[:firebase_analytics] AndroidManifest.xml:9:5-68
20-->[:firebase_analytics] AndroidManifest.xml:9:22-65
21    <uses-permission android:name="com.google.android.finsky.permission.BIND_GET_INSTALL_REFERRER_SERVICE" /> <!-- Required by older versions of Google Play services to create IID tokens -->
21-->[com.google.android.gms:play-services-measurement:17.6.0] AndroidManifest.xml:26:5-110
21-->[com.google.android.gms:play-services-measurement:17.6.0] AndroidManifest.xml:26:22-107
22    <uses-permission android:name="com.google.android.c2dm.permission.RECEIVE" /> <!-- Permission will be merged into the manifest of the hosting app. -->
22-->[com.google.firebase:firebase-iid:20.3.0] AndroidManifest.xml:26:5-82
22-->[com.google.firebase:firebase-iid:20.3.0] AndroidManifest.xml:26:22-79
23    <!-- Is required to launch foreground extraction service for targetSdkVersion 28+. -->
24    <uses-permission android:name="android.permission.FOREGROUND_SERVICE" />
24-->[com.google.android.play:core:1.8.2] AndroidManifest.xml:8:3-74
24-->[com.google.android.play:core:1.8.2] AndroidManifest.xml:8:20-72
25
26    <application
26-->src/main/AndroidManifest.xml:12:5-67:19
27        android:name="io.flutter.app.FlutterApplication"
27-->src/main/AndroidManifest.xml:13:9-57
28        android:appComponentFactory="androidx.core.app.CoreComponentFactory"
28-->[androidx.core:core:1.2.0] AndroidManifest.xml:24:18-86
29        android:icon="@mipmap/ic_launcher"
29-->src/main/AndroidManifest.xml:15:9-43
30        android:label="Stride"
30-->src/main/AndroidManifest.xml:14:9-31
31        android:usesCleartextTraffic="true" >
31-->src/main/AndroidManifest.xml:16:9-44
32        <activity
32-->src/main/AndroidManifest.xml:18:9-49:20
33            android:name="kr.co.stride.app.MainActivity"
33-->src/main/AndroidManifest.xml:19:13-41
34            android:configChanges="orientation|keyboardHidden|keyboard|screenSize|smallestScreenSize|locale|layoutDirection|fontScale|screenLayout|density|uiMode"
34-->src/main/AndroidManifest.xml:22:13-163
35            android:hardwareAccelerated="true"
35-->src/main/AndroidManifest.xml:23:13-47
36            android:launchMode="singleTop"
36-->src/main/AndroidManifest.xml:20:13-43
37            android:theme="@style/LaunchTheme"
37-->src/main/AndroidManifest.xml:21:13-47
38            android:windowSoftInputMode="adjustResize" >
38-->src/main/AndroidManifest.xml:24:13-55
39
40            <!--
41                 Specifies an Android theme to apply to this Activity as soon as
42                the Android process has started. This theme is visible to the user
43                while the Flutter UI initializes. After that, this theme continues
44                to determine the Window background behind the Flutter UI.
45            -->
46            <meta-data
46-->src/main/AndroidManifest.xml:30:13-33:17
47                android:name="io.flutter.embedding.android.NormalTheme"
47-->src/main/AndroidManifest.xml:31:15-70
48                android:resource="@style/NormalTheme" />
48-->src/main/AndroidManifest.xml:32:15-52
49            <!--
50                 Displays an Android View that continues showing the launch screen
51                Drawable until Flutter paints its first frame, then this splash
52                screen fades out. A splash screen is useful to avoid any visual
53                gap between the end of Android's launch screen and the painting of
54                Flutter's first frame.
55            -->
56            <meta-data
56-->src/main/AndroidManifest.xml:39:13-42:17
57                android:name="io.flutter.embedding.android.SplashScreenDrawable"
57-->src/main/AndroidManifest.xml:40:15-79
58                android:resource="@drawable/launch_background" />
58-->src/main/AndroidManifest.xml:41:15-61
59
60            <intent-filter>
60-->src/main/AndroidManifest.xml:43:13-48:29
61                <action android:name="android.intent.action.MAIN" />
61-->src/main/AndroidManifest.xml:44:17-68
61-->src/main/AndroidManifest.xml:44:25-66
62
63                <category android:name="android.intent.category.LAUNCHER" />
63-->src/main/AndroidManifest.xml:45:17-76
63-->src/main/AndroidManifest.xml:45:27-74
64
65                <action android:name="FLUTTER_NOTIFICATION_CLICK" />
65-->src/main/AndroidManifest.xml:46:17-69
65-->src/main/AndroidManifest.xml:46:25-66
66
67                <category android:name="android.intent.category.DEFAULT" />
67-->src/main/AndroidManifest.xml:47:17-76
67-->src/main/AndroidManifest.xml:47:27-73
68            </intent-filter>
69        </activity>
70        <activity
70-->src/main/AndroidManifest.xml:51:9-58:20
71            android:name="com.kakao.sdk.flutter.AuthCodeCustomTabsActivity"
71-->src/main/AndroidManifest.xml:51:19-82
72            android:exported="true"
72-->[:kakao_flutter_sdk] AndroidManifest.xml:15:13-36
73            android:launchMode="singleTask"
73-->[:kakao_flutter_sdk] AndroidManifest.xml:16:13-44
74            android:theme="@style/TransparentCompat" >
74-->[:kakao_flutter_sdk] AndroidManifest.xml:17:13-53
75            <intent-filter android:label="flutter_web_auth" >
75-->src/main/AndroidManifest.xml:52:11-57:27
75-->src/main/AndroidManifest.xml:52:26-58
76                <action android:name="android.intent.action.VIEW" />
76-->src/main/AndroidManifest.xml:53:15-67
76-->src/main/AndroidManifest.xml:53:23-64
77
78                <category android:name="android.intent.category.DEFAULT" />
78-->src/main/AndroidManifest.xml:47:17-76
78-->src/main/AndroidManifest.xml:47:27-73
79                <category android:name="android.intent.category.BROWSABLE" />
79-->src/main/AndroidManifest.xml:55:15-76
79-->src/main/AndroidManifest.xml:55:25-73
80
81                <data
81-->src/main/AndroidManifest.xml:56:15-98
82                    android:host="oauth"
82-->src/main/AndroidManifest.xml:56:76-96
83                    android:scheme="kakaocaa6c865e94aa692c781ac217de8f393" />
83-->src/main/AndroidManifest.xml:56:21-75
84            </intent-filter>
85        </activity>
86
87        <!--
88        Don't delete the meta-data below.
89        This is used by the Flutter tool to generate GeneratedPluginRegistrant.java
90        -->
91        <meta-data
91-->src/main/AndroidManifest.xml:64:9-66:33
92            android:name="flutterEmbedding"
92-->src/main/AndroidManifest.xml:65:13-44
93            android:value="2" />
93-->src/main/AndroidManifest.xml:66:13-30
94
95        <activity
95-->[:kakao_flutter_sdk] AndroidManifest.xml:8:9-12:20
96            android:name="com.kakao.sdk.flutter.TalkAuthCodeActivity"
96-->[:kakao_flutter_sdk] AndroidManifest.xml:9:13-70
97            android:launchMode="singleTask"
97-->[:kakao_flutter_sdk] AndroidManifest.xml:10:13-44
98            android:theme="@style/TransparentCompat" >
98-->[:kakao_flutter_sdk] AndroidManifest.xml:11:13-53
99        </activity>
100
101        <service
101-->[:firebase_analytics] AndroidManifest.xml:12:9-16:19
102            android:name="com.google.firebase.components.ComponentDiscoveryService"
102-->[:firebase_analytics] AndroidManifest.xml:12:18-89
103            android:directBootAware="true"
103-->[com.google.firebase:firebase-common:19.3.1] AndroidManifest.xml:35:13-43
104            android:exported="false" >
104-->[com.google.android.gms:play-services-measurement-api:17.6.0] AndroidManifest.xml:29:13-37
105            <meta-data
105-->[:firebase_analytics] AndroidManifest.xml:13:13-15:85
106                android:name="com.google.firebase.components:io.flutter.plugins.firebaseanalytics.FlutterFirebaseAppRegistrar"
106-->[:firebase_analytics] AndroidManifest.xml:14:17-127
107                android:value="com.google.firebase.components.ComponentRegistrar" />
107-->[:firebase_analytics] AndroidManifest.xml:15:17-82
108            <meta-data
108-->[:firebase_crashlytics] AndroidManifest.xml:9:13-11:85
109                android:name="com.google.firebase.components:io.flutter.plugins.firebase.crashlytics.FlutterFirebaseAppRegistrar"
109-->[:firebase_crashlytics] AndroidManifest.xml:10:17-130
110                android:value="com.google.firebase.components.ComponentRegistrar" />
110-->[:firebase_crashlytics] AndroidManifest.xml:11:17-82
111            <meta-data
111-->[:firebase_messaging] AndroidManifest.xml:14:13-16:85
112                android:name="com.google.firebase.components:io.flutter.plugins.firebasemessaging.FlutterFirebaseAppRegistrar"
112-->[:firebase_messaging] AndroidManifest.xml:15:17-127
113                android:value="com.google.firebase.components.ComponentRegistrar" />
113-->[:firebase_messaging] AndroidManifest.xml:16:17-82
114            <meta-data
114-->[:firebase_remote_config] AndroidManifest.xml:9:13-11:85
115                android:name="com.google.firebase.components:io.flutter.plugins.firebase.firebaseremoteconfig.FlutterFirebaseAppRegistrar"
115-->[:firebase_remote_config] AndroidManifest.xml:10:17-139
116                android:value="com.google.firebase.components.ComponentRegistrar" />
116-->[:firebase_remote_config] AndroidManifest.xml:11:17-82
117            <meta-data
117-->[:firebase_auth] AndroidManifest.xml:9:13-11:85
118                android:name="com.google.firebase.components:io.flutter.plugins.firebase.auth.FlutterFirebaseAuthRegistrar"
118-->[:firebase_auth] AndroidManifest.xml:10:17-124
119                android:value="com.google.firebase.components.ComponentRegistrar" />
119-->[:firebase_auth] AndroidManifest.xml:11:17-82
120            <meta-data
120-->[:firebase_core] AndroidManifest.xml:9:13-11:85
121                android:name="com.google.firebase.components:io.flutter.plugins.firebase.core.FlutterFirebaseCoreRegistrar"
121-->[:firebase_core] AndroidManifest.xml:10:17-124
122                android:value="com.google.firebase.components.ComponentRegistrar" />
122-->[:firebase_core] AndroidManifest.xml:11:17-82
123            <meta-data
123-->[com.google.android.gms:play-services-measurement-api:17.6.0] AndroidManifest.xml:30:13-32:85
124                android:name="com.google.firebase.components:com.google.firebase.analytics.connector.internal.AnalyticsConnectorRegistrar"
124-->[com.google.android.gms:play-services-measurement-api:17.6.0] AndroidManifest.xml:31:17-139
125                android:value="com.google.firebase.components.ComponentRegistrar" />
125-->[com.google.android.gms:play-services-measurement-api:17.6.0] AndroidManifest.xml:32:17-82
126            <meta-data
126-->[com.google.firebase:firebase-crashlytics:17.2.2] AndroidManifest.xml:16:13-18:85
127                android:name="com.google.firebase.components:com.google.firebase.crashlytics.CrashlyticsRegistrar"
127-->[com.google.firebase:firebase-crashlytics:17.2.2] AndroidManifest.xml:17:17-115
128                android:value="com.google.firebase.components.ComponentRegistrar" />
128-->[com.google.firebase:firebase-crashlytics:17.2.2] AndroidManifest.xml:18:17-82
129            <meta-data
129-->[com.google.firebase:firebase-messaging:20.3.0] AndroidManifest.xml:39:13-41:85
130                android:name="com.google.firebase.components:com.google.firebase.messaging.FirebaseMessagingRegistrar"
130-->[com.google.firebase:firebase-messaging:20.3.0] AndroidManifest.xml:40:17-119
131                android:value="com.google.firebase.components.ComponentRegistrar" />
131-->[com.google.firebase:firebase-messaging:20.3.0] AndroidManifest.xml:41:17-82
132            <meta-data
132-->[com.google.firebase:firebase-iid:20.3.0] AndroidManifest.xml:32:13-34:85
133                android:name="com.google.firebase.components:com.google.firebase.iid.Registrar"
133-->[com.google.firebase:firebase-iid:20.3.0] AndroidManifest.xml:33:17-96
134                android:value="com.google.firebase.components.ComponentRegistrar" />
134-->[com.google.firebase:firebase-iid:20.3.0] AndroidManifest.xml:34:17-82
135            <meta-data
135-->[com.google.firebase:firebase-auth:19.4.0] AndroidManifest.xml:36:13-38:85
136                android:name="com.google.firebase.components:com.google.firebase.auth.FirebaseAuthRegistrar"
136-->[com.google.firebase:firebase-auth:19.4.0] AndroidManifest.xml:37:17-109
137                android:value="com.google.firebase.components.ComponentRegistrar" />
137-->[com.google.firebase:firebase-auth:19.4.0] AndroidManifest.xml:38:17-82
138            <meta-data
138-->[com.google.firebase:firebase-config:19.2.0] AndroidManifest.xml:32:13-34:85
139                android:name="com.google.firebase.components:com.google.firebase.remoteconfig.RemoteConfigRegistrar"
139-->[com.google.firebase:firebase-config:19.2.0] AndroidManifest.xml:33:17-117
140                android:value="com.google.firebase.components.ComponentRegistrar" />
140-->[com.google.firebase:firebase-config:19.2.0] AndroidManifest.xml:34:17-82
141            <meta-data
141-->[com.google.firebase:firebase-installations:16.3.3] AndroidManifest.xml:17:13-19:85
142                android:name="com.google.firebase.components:com.google.firebase.installations.FirebaseInstallationsRegistrar"
142-->[com.google.firebase:firebase-installations:16.3.3] AndroidManifest.xml:18:17-127
143                android:value="com.google.firebase.components.ComponentRegistrar" />
143-->[com.google.firebase:firebase-installations:16.3.3] AndroidManifest.xml:19:17-82
144            <meta-data
144-->[com.google.firebase:firebase-abt:19.1.0] AndroidManifest.xml:13:13-15:85
145                android:name="com.google.firebase.components:com.google.firebase.abt.component.AbtRegistrar"
145-->[com.google.firebase:firebase-abt:19.1.0] AndroidManifest.xml:14:17-109
146                android:value="com.google.firebase.components.ComponentRegistrar" />
146-->[com.google.firebase:firebase-abt:19.1.0] AndroidManifest.xml:15:17-82
147            <meta-data
147-->[com.google.firebase:firebase-datatransport:17.0.3] AndroidManifest.xml:28:13-30:85
148                android:name="com.google.firebase.components:com.google.firebase.datatransport.TransportRegistrar"
148-->[com.google.firebase:firebase-datatransport:17.0.3] AndroidManifest.xml:29:17-115
149                android:value="com.google.firebase.components.ComponentRegistrar" />
149-->[com.google.firebase:firebase-datatransport:17.0.3] AndroidManifest.xml:30:17-82
150        </service>
151        <service android:name="io.flutter.plugins.firebasemessaging.FlutterFirebaseMessagingService" >
151-->[:firebase_messaging] AndroidManifest.xml:8:9-12:19
151-->[:firebase_messaging] AndroidManifest.xml:8:18-101
152            <intent-filter>
152-->[:firebase_messaging] AndroidManifest.xml:9:13-11:29
153                <action android:name="com.google.firebase.MESSAGING_EVENT" />
153-->[:firebase_messaging] AndroidManifest.xml:10:17-78
153-->[:firebase_messaging] AndroidManifest.xml:10:25-75
154            </intent-filter>
155        </service>
156
157        <activity
157-->[:url_launcher] AndroidManifest.xml:8:9-11:74
158            android:name="io.flutter.plugins.urllauncher.WebViewActivity"
158-->[:url_launcher] AndroidManifest.xml:9:13-74
159            android:exported="false"
159-->[:url_launcher] AndroidManifest.xml:10:13-37
160            android:theme="@android:style/Theme.NoTitleBar.Fullscreen" />
160-->[:url_launcher] AndroidManifest.xml:11:13-71
161
162        <receiver
162-->[com.google.android.gms:play-services-measurement:17.6.0] AndroidManifest.xml:29:9-33:20
163            android:name="com.google.android.gms.measurement.AppMeasurementReceiver"
163-->[com.google.android.gms:play-services-measurement:17.6.0] AndroidManifest.xml:30:13-85
164            android:enabled="true"
164-->[com.google.android.gms:play-services-measurement:17.6.0] AndroidManifest.xml:31:13-35
165            android:exported="false" >
165-->[com.google.android.gms:play-services-measurement:17.6.0] AndroidManifest.xml:32:13-37
166        </receiver>
167
168        <service
168-->[com.google.android.gms:play-services-measurement:17.6.0] AndroidManifest.xml:35:9-38:40
169            android:name="com.google.android.gms.measurement.AppMeasurementService"
169-->[com.google.android.gms:play-services-measurement:17.6.0] AndroidManifest.xml:36:13-84
170            android:enabled="true"
170-->[com.google.android.gms:play-services-measurement:17.6.0] AndroidManifest.xml:37:13-35
171            android:exported="false" />
171-->[com.google.android.gms:play-services-measurement:17.6.0] AndroidManifest.xml:38:13-37
172        <service
172-->[com.google.android.gms:play-services-measurement:17.6.0] AndroidManifest.xml:39:9-43:72
173            android:name="com.google.android.gms.measurement.AppMeasurementJobService"
173-->[com.google.android.gms:play-services-measurement:17.6.0] AndroidManifest.xml:40:13-87
174            android:enabled="true"
174-->[com.google.android.gms:play-services-measurement:17.6.0] AndroidManifest.xml:41:13-35
175            android:exported="false"
175-->[com.google.android.gms:play-services-measurement:17.6.0] AndroidManifest.xml:42:13-37
176            android:permission="android.permission.BIND_JOB_SERVICE" />
176-->[com.google.android.gms:play-services-measurement:17.6.0] AndroidManifest.xml:43:13-69
177        <!--
178             FirebaseMessagingService performs security checks at runtime,
179             but set to not exported to explicitly avoid allowing another app to call it.
180        -->
181        <service
181-->[com.google.firebase:firebase-messaging:20.3.0] AndroidManifest.xml:28:9-35:19
182            android:name="com.google.firebase.messaging.FirebaseMessagingService"
182-->[com.google.firebase:firebase-messaging:20.3.0] AndroidManifest.xml:29:13-82
183            android:directBootAware="true"
183-->[com.google.firebase:firebase-messaging:20.3.0] AndroidManifest.xml:30:13-43
184            android:exported="false" >
184-->[com.google.firebase:firebase-messaging:20.3.0] AndroidManifest.xml:31:13-37
185            <intent-filter android:priority="-500" >
185-->[:firebase_messaging] AndroidManifest.xml:9:13-11:29
186                <action android:name="com.google.firebase.MESSAGING_EVENT" />
186-->[:firebase_messaging] AndroidManifest.xml:10:17-78
186-->[:firebase_messaging] AndroidManifest.xml:10:25-75
187            </intent-filter>
188        </service>
189
190        <receiver
190-->[com.google.firebase:firebase-iid:20.3.0] AndroidManifest.xml:37:9-44:20
191            android:name="com.google.firebase.iid.FirebaseInstanceIdReceiver"
191-->[com.google.firebase:firebase-iid:20.3.0] AndroidManifest.xml:38:13-78
192            android:exported="true"
192-->[com.google.firebase:firebase-iid:20.3.0] AndroidManifest.xml:39:13-36
193            android:permission="com.google.android.c2dm.permission.SEND" >
193-->[com.google.firebase:firebase-iid:20.3.0] AndroidManifest.xml:40:13-73
194            <intent-filter>
194-->[com.google.firebase:firebase-iid:20.3.0] AndroidManifest.xml:41:13-43:29
195                <action android:name="com.google.android.c2dm.intent.RECEIVE" />
195-->[com.google.firebase:firebase-iid:20.3.0] AndroidManifest.xml:42:17-81
195-->[com.google.firebase:firebase-iid:20.3.0] AndroidManifest.xml:42:25-78
196            </intent-filter>
197        </receiver>
198
199        <activity
199-->[com.google.firebase:firebase-auth:19.4.0] AndroidManifest.xml:24:9-31:50
200            android:name="com.google.firebase.auth.internal.FederatedSignInActivity"
200-->[com.google.firebase:firebase-auth:19.4.0] AndroidManifest.xml:25:13-85
201            android:excludeFromRecents="true"
201-->[com.google.firebase:firebase-auth:19.4.0] AndroidManifest.xml:26:13-46
202            android:exported="true"
202-->[com.google.firebase:firebase-auth:19.4.0] AndroidManifest.xml:27:13-36
203            android:launchMode="singleTask"
203-->[com.google.firebase:firebase-auth:19.4.0] AndroidManifest.xml:28:13-44
204            android:permission="com.google.firebase.auth.api.gms.permission.LAUNCH_FEDERATED_SIGN_IN"
204-->[com.google.firebase:firebase-auth:19.4.0] AndroidManifest.xml:29:13-102
205            android:theme="@android:style/Theme.Translucent.NoTitleBar" />
205-->[com.google.firebase:firebase-auth:19.4.0] AndroidManifest.xml:30:13-72
206        <activity
206-->[com.google.android.gms:play-services-base:17.1.0] AndroidManifest.xml:23:9-26:75
207            android:name="com.google.android.gms.common.api.GoogleApiActivity"
207-->[com.google.android.gms:play-services-base:17.1.0] AndroidManifest.xml:24:13-79
208            android:exported="false"
208-->[com.google.android.gms:play-services-base:17.1.0] AndroidManifest.xml:25:13-37
209            android:theme="@android:style/Theme.Translucent.NoTitleBar" />
209-->[com.google.android.gms:play-services-base:17.1.0] AndroidManifest.xml:26:13-72
210
211        <provider
211-->[com.google.firebase:firebase-common:19.3.1] AndroidManifest.xml:26:9-31:39
212            android:name="com.google.firebase.provider.FirebaseInitProvider"
212-->[com.google.firebase:firebase-common:19.3.1] AndroidManifest.xml:27:13-77
213            android:authorities="kr.co.stride.app.firebaseinitprovider"
213-->[com.google.firebase:firebase-common:19.3.1] AndroidManifest.xml:28:13-72
214            android:directBootAware="true"
214-->[com.google.firebase:firebase-common:19.3.1] AndroidManifest.xml:29:13-43
215            android:exported="false"
215-->[com.google.firebase:firebase-common:19.3.1] AndroidManifest.xml:30:13-37
216            android:initOrder="100" />
216-->[com.google.firebase:firebase-common:19.3.1] AndroidManifest.xml:31:13-36
217
218        <meta-data
218-->[com.google.android.gms:play-services-basement:17.2.1] AndroidManifest.xml:23:9-25:69
219            android:name="com.google.android.gms.version"
219-->[com.google.android.gms:play-services-basement:17.2.1] AndroidManifest.xml:24:13-58
220            android:value="@integer/google_play_services_version" />
220-->[com.google.android.gms:play-services-basement:17.2.1] AndroidManifest.xml:25:13-66
221
222        <service
222-->[com.google.android.datatransport:transport-backend-cct:2.3.1] AndroidManifest.xml:29:9-35:19
223            android:name="com.google.android.datatransport.runtime.backends.TransportBackendDiscovery"
223-->[com.google.android.datatransport:transport-backend-cct:2.3.1] AndroidManifest.xml:30:13-103
224            android:exported="false" >
224-->[com.google.android.datatransport:transport-backend-cct:2.3.1] AndroidManifest.xml:31:13-37
225            <meta-data
225-->[com.google.android.datatransport:transport-backend-cct:2.3.1] AndroidManifest.xml:32:13-34:39
226                android:name="backend:com.google.android.datatransport.cct.CctBackendFactory"
226-->[com.google.android.datatransport:transport-backend-cct:2.3.1] AndroidManifest.xml:33:17-94
227                android:value="cct" />
227-->[com.google.android.datatransport:transport-backend-cct:2.3.1] AndroidManifest.xml:34:17-36
228        </service>
229        <service
229-->[com.google.android.datatransport:transport-runtime:2.2.4] AndroidManifest.xml:26:9-30:19
230            android:name="com.google.android.datatransport.runtime.scheduling.jobscheduling.JobInfoSchedulerService"
230-->[com.google.android.datatransport:transport-runtime:2.2.4] AndroidManifest.xml:27:13-117
231            android:exported="false"
231-->[com.google.android.datatransport:transport-runtime:2.2.4] AndroidManifest.xml:28:13-37
232            android:permission="android.permission.BIND_JOB_SERVICE" >
232-->[com.google.android.datatransport:transport-runtime:2.2.4] AndroidManifest.xml:29:13-69
233        </service>
234
235        <receiver
235-->[com.google.android.datatransport:transport-runtime:2.2.4] AndroidManifest.xml:32:9-34:40
236            android:name="com.google.android.datatransport.runtime.scheduling.jobscheduling.AlarmManagerSchedulerBroadcastReceiver"
236-->[com.google.android.datatransport:transport-runtime:2.2.4] AndroidManifest.xml:33:13-132
237            android:exported="false" /> <!-- The activities will be merged into the manifest of the hosting app. -->
237-->[com.google.android.datatransport:transport-runtime:2.2.4] AndroidManifest.xml:34:13-37
238        <activity
238-->[com.google.android.play:core:1.8.2] AndroidManifest.xml:12:5-271
239            android:name="com.google.android.play.core.missingsplits.PlayCoreMissingSplitsActivity"
239-->[com.google.android.play:core:1.8.2] AndroidManifest.xml:12:15-102
240            android:enabled="false"
240-->[com.google.android.play:core:1.8.2] AndroidManifest.xml:12:103-126
241            android:exported="false"
241-->[com.google.android.play:core:1.8.2] AndroidManifest.xml:12:127-151
242            android:launchMode="singleInstance"
242-->[com.google.android.play:core:1.8.2] AndroidManifest.xml:12:204-239
243            android:process=":playcore_missing_splits_activity"
243-->[com.google.android.play:core:1.8.2] AndroidManifest.xml:12:152-203
244            android:stateNotNeeded="true" />
244-->[com.google.android.play:core:1.8.2] AndroidManifest.xml:12:240-269
245        <activity
245-->[com.google.android.play:core:1.8.2] AndroidManifest.xml:13:5-226
246            android:name="com.google.android.play.core.common.PlayCoreDialogWrapperActivity"
246-->[com.google.android.play:core:1.8.2] AndroidManifest.xml:13:15-95
247            android:enabled="false"
247-->[com.google.android.play:core:1.8.2] AndroidManifest.xml:13:96-119
248            android:exported="false"
248-->[com.google.android.play:core:1.8.2] AndroidManifest.xml:13:120-144
249            android:stateNotNeeded="true"
249-->[com.google.android.play:core:1.8.2] AndroidManifest.xml:13:145-174
250            android:theme="@style/Theme.PlayCore.Transparent" /> <!-- The service will be merged into the manifest of the hosting app. -->
250-->[com.google.android.play:core:1.8.2] AndroidManifest.xml:13:175-224
251        <service
251-->[com.google.android.play:core:1.8.2] AndroidManifest.xml:16:5-145
252            android:name="com.google.android.play.core.assetpacks.AssetPackExtractionService"
252-->[com.google.android.play:core:1.8.2] AndroidManifest.xml:16:14-95
253            android:enabled="false"
253-->[com.google.android.play:core:1.8.2] AndroidManifest.xml:16:96-119
254            android:exported="true" />
254-->[com.google.android.play:core:1.8.2] AndroidManifest.xml:16:120-143
255    </application>
256
257</manifest>